Arguments: 
  /usr/bin/node /usr/share/yarn/bin/yarn.js add react-redux

PATH: 
  /home/andrey/bin:/home/andrey/.local/bin:/usr/local/sbin:/usr/local/bin:/usr/sbin:/usr/bin:/sbin:/bin:/usr/games:/usr/local/games:/snap/bin:/opt/mssql-tools/bin:/opt/mssql-tools/bin

Yarn version: 
  1.3.2

Node version: 
  9.1.0

Platform: 
  linux x64

npm manifest: 
  No manifest

yarn manifest: 
  No manifest

Lockfile: 
  No lockfile

Trace: 
  Error: getaddrinfo EAI_AGAIN registry.yarnpkg.com:443
      at Object._errnoException (util.js:1031:13)
      at errnoException (dns.js:60:15)
      at GetAddrInfoReqWrap.onlookup [as oncomplete] (dns.js:97:26)
